==== Cleaning
  CLEAN   .
  CLEAN   usr
  CLEAN   .tmp_versions
  CLEAN   scripts/basic
  CLEAN   scripts/dtc
  CLEAN   scripts/kconfig
  CLEAN   scripts/mod
  CLEAN   scripts
  CLEAN   include/config include/generated arch/mips/include/generated
  CLEAN   .config .version
==== Building kernel
  HOSTCC  scripts/basic/fixdep
  HOSTCC  scripts/kconfig/conf.o
  SHIPPED scripts/kconfig/zconf.tab.c
  SHIPPED scripts/kconfig/zconf.lex.c
  HOSTCC  scripts/kconfig/zconf.tab.o
  HOSTLD  scripts/kconfig/conf
scripts/kconfig/conf  --allnoconfig Kconfig
net/sched/Kconfig:44: warning: menuconfig statement without prompt
#
# configuration written to .config
#
scripts/kconfig/conf  --silentoldconfig Kconfig
net/sched/Kconfig:44: warning: menuconfig statement without prompt
  HOSTCC  arch/mips/boot/tools/relocs_32.o
  HOSTCC  arch/mips/boot/tools/relocs_64.o
  HOSTCC  arch/mips/boot/tools/relocs_main.o
  HOSTLD  arch/mips/boot/tools/relocs
  CHK     include/config/kernel.release
  UPD     include/config/kernel.release
  WRAP    arch/mips/include/generated/uapi/asm/ipcbuf.h
  WRAP    arch/mips/include/generated/asm/clkdev.h
  WRAP    arch/mips/include/generated/asm/current.h
  WRAP    arch/mips/include/generated/asm/dma-contiguous.h
  WRAP    arch/mips/include/generated/asm/emergency-restart.h
  WRAP    arch/mips/include/generated/asm/export.h
  WRAP    arch/mips/include/generated/asm/irq_work.h
  WRAP    arch/mips/include/generated/asm/local64.h
  WRAP    arch/mips/include/generated/asm/mcs_spinlock.h
  WRAP    arch/mips/include/generated/asm/mm-arch-hooks.h
  WRAP    arch/mips/include/generated/asm/parport.h
  WRAP    arch/mips/include/generated/asm/percpu.h
  WRAP    arch/mips/include/generated/asm/preempt.h
  WRAP    arch/mips/include/generated/asm/qrwlock.h
  WRAP    arch/mips/include/generated/asm/qspinlock.h
  WRAP    arch/mips/include/generated/asm/sections.h
  WRAP    arch/mips/include/generated/asm/segment.h
  WRAP    arch/mips/include/generated/asm/trace_clock.h
  WRAP    arch/mips/include/generated/asm/unaligned.h
  WRAP    arch/mips/include/generated/asm/user.h
  WRAP    arch/mips/include/generated/asm/word-at-a-time.h
  WRAP    arch/mips/include/generated/asm/xor.h
  CHK     include/generated/uapi/linux/version.h
  UPD     include/generated/uapi/linux/version.h
  CHK     include/generated/utsrelease.h
  UPD     include/generated/utsrelease.h
  CC      kernel/bounds.s
  CHK     include/generated/bounds.h
  UPD     include/generated/bounds.h
  CHK     include/generated/timeconst.h
  UPD     include/generated/timeconst.h
  CC      arch/mips/kernel/asm-offsets.s
  CHK     include/generated/asm-offsets.h
  UPD     include/generated/asm-offsets.h
  CALL    scripts/checksyscalls.sh
  HOSTCC  scripts/dtc/dtc.o
  HOSTCC  scripts/dtc/flattree.o
  HOSTCC  scripts/dtc/fstree.o
  HOSTCC  scripts/dtc/data.o
  HOSTCC  scripts/dtc/livetree.o
  HOSTCC  scripts/dtc/treesource.o
  HOSTCC  scripts/dtc/srcpos.o
  HOSTCC  scripts/dtc/checks.o
  HOSTCC  scripts/dtc/util.o
  SHIPPED scripts/dtc/dtc-lexer.lex.c
  SHIPPED scripts/dtc/dtc-parser.tab.h
  HOSTCC  scripts/dtc/dtc-lexer.lex.o
  SHIPPED scripts/dtc/dtc-parser.tab.c
  HOSTCC  scripts/dtc/dtc-parser.tab.o
  HOSTLD  scripts/dtc/dtc
  CC      scripts/mod/empty.o
  HOSTCC  scripts/mod/mk_elfconfig
  MKELF   scripts/mod/elfconfig.h
  HOSTCC  scripts/mod/modpost.o
  CC      scripts/mod/devicetable-offsets.s
  CHK     scripts/mod/devicetable-offsets.h
  UPD     scripts/mod/devicetable-offsets.h
  HOSTCC  scripts/mod/file2alias.o
  HOSTCC  scripts/mod/sumversion.o
  HOSTLD  scripts/mod/modpost
  HOSTCC  scripts/kallsyms
  HOSTCC  scripts/conmakehash
  HOSTCC  scripts/sortextable
  CC      init/main.o
  CHK     include/generated/compile.h
  UPD     include/generated/compile.h
  CC      init/version.o
  CC      init/do_mounts.o
init/do_mounts.c:441:19: warning: ‘mount_ubi_rootfs’ defined but not used [-Wunused-function]
  441 | static int __init mount_ubi_rootfs(void)
      |                   ^~~~~~~~~~~~~~~~
  CC      init/do_mounts_initrd.o
  AR      init/mounts.o
  CC      init/initramfs.o
  CC      init/calibrate.o
  CC      init/init_task.o
  AR      init/built-in.o
  HOSTCC  usr/gen_init_cpio
  GEN     usr/initramfs_data.cpio
  AS      usr/initramfs_data.o
  AR      usr/built-in.o
  CC      arch/mips/kernel/cmpxchg.o
  CC      arch/mips/kernel/cpu-probe.o
  CC      arch/mips/kernel/branch.o
  CC      arch/mips/kernel/elf.o
  AS      arch/mips/kernel/entry.o
  AS      arch/mips/kernel/genex.o
  CC      arch/mips/kernel/idle.o
  CC      arch/mips/kernel/irq.o
  CC      arch/mips/kernel/process.o
  CC      arch/mips/kernel/prom.o
  CC      arch/mips/kernel/ptrace.o
  CC      arch/mips/kernel/reset.o
  CC      arch/mips/kernel/setup.o
  CC      arch/mips/kernel/signal.o
  CC      arch/mips/kernel/syscall.o
  CC      arch/mips/kernel/time.o
  CC      arch/mips/kernel/topology.o
  CC      arch/mips/kernel/traps.o
  CC      arch/mips/kernel/unaligned.o
  CC      arch/mips/kernel/watch.o
  CC      arch/mips/kernel/vdso.o
  CC      arch/mips/kernel/cacheinfo.o
  CC      arch/mips/kernel/cevt-r4k.o
  CC      arch/mips/kernel/csrc-r4k.o
  AS      arch/mips/kernel/r4k_switch.o
  AS      arch/mips/kernel/r4k_fpu.o
  CC      arch/mips/kernel/spram.o
  CC      arch/mips/kernel/irq-msc01.o
  AS      arch/mips/kernel/scall32-o32.o
  CC      arch/mips/kernel/proc.o
  CC      arch/mips/kernel/i8253.o
  CC      arch/mips/kernel/mips-cm.o
  CC      arch/mips/kernel/mips-cpc.o
  AR      arch/mips/kernel/built-in.o
  AS      arch/mips/kernel/head.o
  LDS     arch/mips/kernel/vmlinux.lds
  CC      arch/mips/mm/cache.o
  CC      arch/mips/mm/dma-default.o
  CC      arch/mips/mm/extable.o
  CC      arch/mips/mm/fault.o
  CC      arch/mips/mm/gup.o
  CC      arch/mips/mm/init.o
  CC      arch/mips/mm/mmap.o
  CC      arch/mips/mm/page.o
  AS      arch/mips/mm/page-funcs.o
  CC      arch/mips/mm/pgtable.o
  CC      arch/mips/mm/tlbex.o
  AS      arch/mips/mm/tlbex-fault.o
  AS      arch/mips/mm/tlb-funcs.o
  CC      arch/mips/mm/uasm-mips.o
  CC      arch/mips/mm/ioremap.o
  CC      arch/mips/mm/pgtable-32.o
  CC      arch/mips/mm/c-r4k.o
  AS      arch/mips/mm/cex-gen.o
  CC      arch/mips/mm/tlb-r4k.o
  CC      arch/mips/mm/sc-mips.o
  AR      arch/mips/mm/built-in.o
  CC      arch/mips/mti-malta/malta-display.o
  CC      arch/mips/mti-malta/malta-dt.o
  CC      arch/mips/mti-malta/malta-dtshim.o
  CC      arch/mips/mti-malta/malta-init.o
  CC      arch/mips/mti-malta/malta-int.o
  CC      arch/mips/mti-malta/malta-memory.o
  CC      arch/mips/mti-malta/malta-platform.o
  CC      arch/mips/mti-malta/malta-reset.o
  CC      arch/mips/mti-malta/malta-setup.o
  CC      arch/mips/mti-malta/malta-time.o
  CC      arch/mips/mti-malta/malta-pm.o
  AR      arch/mips/mti-malta/built-in.o
  AR      arch/mips/net/built-in.o
  LDS     arch/mips/vdso/vdso.lds
  AS      arch/mips/vdso/elf.o
  CC      arch/mips/vdso/gettimeofday.o
  AS      arch/mips/vdso/sigreturn.o
  VDSO    arch/mips/vdso/vdso.so.dbg.raw
  OBJCOPY arch/mips/vdso/vdso.so.raw
  HOSTCC  arch/mips/vdso/genvdso
  GENVDSO arch/mips/vdso/vdso-image.c
  CC      arch/mips/vdso/vdso-image.o
  AR      arch/mips/vdso/built-in.o
  AR      arch/mips/built-in.o
  AR      arch/mips/boot/dts/brcm/built-in.o
  AR      arch/mips/boot/dts/cavium-octeon/built-in.o
  AR      arch/mips/boot/dts/img/built-in.o
  AR      arch/mips/boot/dts/ingenic/built-in.o
  AR      arch/mips/boot/dts/lantiq/built-in.o
  DTC     arch/mips/boot/dts/mti/malta.dtb
  DTB     arch/mips/boot/dts/mti/malta.dtb.S
  AS      arch/mips/boot/dts/mti/malta.dtb.o
  AR      arch/mips/boot/dts/mti/built-in.o
rm arch/mips/boot/dts/mti/malta.dtb.S
  AR      arch/mips/boot/dts/netlogic/built-in.o
  AR      arch/mips/boot/dts/ni/built-in.o
  AR      arch/mips/boot/dts/pic32/built-in.o
  AR      arch/mips/boot/dts/qca/built-in.o
  AR      arch/mips/boot/dts/ralink/built-in.o
  AR      arch/mips/boot/dts/xilfpga/built-in.o
  AR      arch/mips/boot/dts/built-in.o
  CC      kernel/fork.o
  CC      kernel/exec_domain.o
  CC      kernel/panic.o
  CC      kernel/cpu.o
  CC      kernel/exit.o
  CC      kernel/softirq.o
  CC      kernel/resource.o
  CC      kernel/sysctl.o
  CC      kernel/sysctl_binary.o
  CC      kernel/capability.o
  CC      kernel/ptrace.o
  CC      kernel/user.o
  CC      kernel/signal.o
  CC      kernel/sys.o
  CC      kernel/umh.o
  CC      kernel/workqueue.o
  CC      kernel/pid.o
  CC      kernel/task_work.o
  CC      kernel/extable.o
  CC      kernel/params.o
  CC      kernel/kthread.o
  CC      kernel/sys_ni.o
  CC      kernel/nsproxy.o
  CC      kernel/notifier.o
  CC      kernel/ksysfs.o
  CC      kernel/cred.o
  CC      kernel/reboot.o
  CC      kernel/async.o
  CC      kernel/range.o
  CC      kernel/smpboot.o
  CC      kernel/ucount.o
  CC      kernel/groups.o
  CC      kernel/bpf/core.o
  AR      kernel/bpf/built-in.o
  CC      kernel/irq/irqdesc.o
  CC      kernel/irq/handle.o
  CC      kernel/irq/manage.o
  CC      kernel/irq/spurious.o
  CC      kernel/irq/resend.o
  CC      kernel/irq/chip.o
  CC      kernel/irq/dummychip.o
  CC      kernel/irq/devres.o
  CC      kernel/irq/generic-chip.o
  CC      kernel/irq/autoprobe.o
  CC      kernel/irq/irqdomain.o
  CC      kernel/irq/proc.o
  CC      kernel/irq/ipi.o
  AR      kernel/irq/built-in.o
  AR      kernel/livepatch/built-in.o
  CC      kernel/locking/mutex.o
  CC      kernel/locking/semaphore.o
  CC      kernel/locking/rwsem.o
  CC      kernel/locking/percpu-rwsem.o
  CC      kernel/locking/rtmutex.o
  CC      kernel/locking/rwsem-spinlock.o
  AR      kernel/locking/built-in.o
  CC      kernel/power/qos.o
  AR      kernel/power/built-in.o
  CC      kernel/printk/printk.o
  CC      kernel/printk/printk_safe.o
  AR      kernel/printk/built-in.o
  CC      kernel/rcu/update.o
  CC      kernel/rcu/sync.o
  CC      kernel/rcu/srcutiny.o
  CC      kernel/rcu/tiny.o
  AR      kernel/rcu/built-in.o
  CC      kernel/sched/core.o
  CC      kernel/sched/loadavg.o
  CC      kernel/sched/clock.o
  CC      kernel/sched/cputime.o
  CC      kernel/sched/idle_task.o
  CC      kernel/sched/fair.o
  CC      kernel/sched/rt.o
  CC      kernel/sched/deadline.o
  CC      kernel/sched/wait.o
  CC      kernel/sched/wait_bit.o
  CC      kernel/sched/swait.o
  CC      kernel/sched/completion.o
  CC      kernel/sched/idle.o
  CC      kernel/sched/membarrier.o
  AR      kernel/sched/built-in.o
  CC      kernel/time/time.o
  CC      kernel/time/timer.o
  CC      kernel/time/hrtimer.o
  CC      kernel/time/timekeeping.o
  CC      kernel/time/ntp.o
  CC      kernel/time/clocksource.o
  CC      kernel/time/jiffies.o
  CC      kernel/time/timer_list.o
  CC      kernel/time/timeconv.o
  CC      kernel/time/timecounter.o
  CC      kernel/time/alarmtimer.o
  CC      kernel/time/posix-timers.o
  CC      kernel/time/posix-cpu-timers.o
  CC      kernel/time/posix-clock.o
  CC      kernel/time/itimer.o
  CC      kernel/time/clockevents.o
  CC      kernel/time/tick-common.o
  CC      kernel/time/sched_clock.o
  CC      kernel/time/tick-oneshot.o
  CC      kernel/time/tick-sched.o
  AR      kernel/time/built-in.o
  CC      kernel/futex.o
  CC      kernel/dma.o
  CC      kernel/up.o
  CC      kernel/kallsyms.o
  CC      kernel/utsname_sysctl.o
  CC      kernel/elfcore.o
  CC      kernel/irq_work.o
  CC      kernel/memremap.o
  AR      kernel/built-in.o
  AR      certs/built-in.o
  CC      mm/filemap.o
  CC      mm/mempool.o
  CC      mm/oom_kill.o
  CC      mm/maccess.o
  CC      mm/page_alloc.o
  CC      mm/page-writeback.o
  CC      mm/readahead.o
  CC      mm/swap.o
  CC      mm/truncate.o
  CC      mm/vmscan.o
  CC      mm/shmem.o
  CC      mm/util.o
  CC      mm/mmzone.o
  CC      mm/vmstat.o
  CC      mm/backing-dev.o
  CC      mm/mm_init.o
  CC      mm/mmu_context.o
  CC      mm/percpu.o
  CC      mm/slab_common.o
  CC      mm/compaction.o
  CC      mm/vmacache.o
  CC      mm/swap_slots.o
  CC      mm/interval_tree.o
  CC      mm/list_lru.o
  CC      mm/workingset.o
  CC      mm/debug.o
  CC      mm/gup.o
  CC      mm/highmem.o
  CC      mm/memory.o
  CC      mm/mincore.o
  CC      mm/mlock.o
  CC      mm/mmap.o
  CC      mm/mprotect.o
  CC      mm/mremap.o
  CC      mm/msync.o
  CC      mm/page_vma_mapped.o
  CC      mm/pagewalk.o
  CC      mm/pgtable-generic.o
  CC      mm/rmap.o
  CC      mm/vmalloc.o
  CC      mm/init-mm.o
  CC      mm/bootmem.o
  CC      mm/fadvise.o
  CC      mm/madvise.o
  CC      mm/memblock.o
  CC      mm/dmapool.o
  CC      mm/slub.o
  AR      mm/built-in.o
  CC      fs/open.o
  CC      fs/read_write.o
  CC      fs/file_table.o
  CC      fs/super.o
  CC      fs/char_dev.o
  CC      fs/stat.o
  CC      fs/exec.o
  CC      fs/pipe.o
  CC      fs/namei.o
  CC      fs/fcntl.o
  CC      fs/ioctl.o
  CC      fs/readdir.o
  CC      fs/select.o
  CC      fs/dcache.o
  CC      fs/inode.o
  CC      fs/attr.o
  CC      fs/bad_inode.o
  CC      fs/file.o
  CC      fs/filesystems.o
  CC      fs/namespace.o
  CC      fs/seq_file.o
  CC      fs/xattr.o
  CC      fs/libfs.o
  CC      fs/fs-writeback.o
  CC      fs/pnode.o
  CC      fs/splice.o
  CC      fs/sync.o
  CC      fs/utimes.o
  CC      fs/stack.o
  CC      fs/fs_struct.o
  CC      fs/statfs.o
  CC      fs/fs_pin.o
  CC      fs/nsfs.o
  CC      fs/buffer.o
  CC      fs/block_dev.o
  CC      fs/direct-io.o
  CC      fs/mpage.o
  CC      fs/proc_namespace.o
  CC      fs/devpts/inode.o
  AR      fs/devpts/devpts.o
  AR      fs/devpts/built-in.o
  AR      fs/exofs/built-in.o
  CC      fs/exportfs/expfs.o
  AR      fs/exportfs/exportfs.o
  AR      fs/exportfs/built-in.o
  CC      fs/ext4/balloc.o
  CC      fs/ext4/bitmap.o
  CC      fs/ext4/block_validity.o
  CC      fs/ext4/dir.o
  CC      fs/ext4/ext4_jbd2.o
  CC      fs/ext4/extents.o
  CC      fs/ext4/extents_status.o
  CC      fs/ext4/file.o
  CC      fs/ext4/fsmap.o
  CC      fs/ext4/fsync.o
  CC      fs/ext4/hash.o
  CC      fs/ext4/ialloc.o
  CC      fs/ext4/indirect.o
  CC      fs/ext4/inline.o
  CC      fs/ext4/inode.o
  CC      fs/ext4/ioctl.o
  CC      fs/ext4/mballoc.o
  CC      fs/ext4/migrate.o
  CC      fs/ext4/mmp.o
  CC      fs/ext4/move_extent.o
  CC      fs/ext4/namei.o
  CC      fs/ext4/page-io.o
  CC      fs/ext4/readpage.o
  CC      fs/ext4/resize.o
  CC      fs/ext4/super.o
  CC      fs/ext4/symlink.o
  CC      fs/ext4/sysfs.o
  CC      fs/ext4/xattr.o
  CC      fs/ext4/xattr_trusted.o
  CC      fs/ext4/xattr_user.o
  AR      fs/ext4/ext4.o
  AR      fs/ext4/built-in.o
  CC      fs/fat/cache.o
  CC      fs/fat/dir.o
  CC      fs/fat/fatent.o
  CC      fs/fat/file.o
  CC      fs/fat/inode.o
  CC      fs/fat/misc.o
  CC      fs/fat/nfs.o
  AR      fs/fat/fat.o
  CC      fs/fat/namei_vfat.o
  AR      fs/fat/vfat.o
  AR      fs/fat/built-in.o
  CC      fs/jbd2/transaction.o
  CC      fs/jbd2/commit.o
  CC      fs/jbd2/recovery.o
  CC      fs/jbd2/checkpoint.o
  CC      fs/jbd2/revoke.o
  CC      fs/jbd2/journal.o
  AR      fs/jbd2/jbd2.o
  AR      fs/jbd2/built-in.o
  CC      fs/kernfs/mount.o
  CC      fs/kernfs/inode.o
  CC      fs/kernfs/dir.o
  CC      fs/kernfs/file.o
  CC      fs/kernfs/symlink.o
  AR      fs/kernfs/built-in.o
  CC      fs/nls/nls_base.o
  AR      fs/nls/built-in.o
  AR      fs/notify/dnotify/built-in.o
  AR      fs/notify/fanotify/built-in.o
  AR      fs/notify/inotify/built-in.o
  AR      fs/notify/built-in.o
  CC      fs/proc/task_mmu.o
  CC      fs/proc/inode.o
  CC      fs/proc/root.o
  CC      fs/proc/base.o
  CC      fs/proc/generic.o
  CC      fs/proc/array.o
  CC      fs/proc/fd.o
  CC      fs/proc/proc_tty.o
  CC      fs/proc/cmdline.o
  CC      fs/proc/consoles.o
  CC      fs/proc/cpuinfo.o
  CC      fs/proc/devices.o
  CC      fs/proc/interrupts.o
  CC      fs/proc/loadavg.o
  CC      fs/proc/meminfo.o
  CC      fs/proc/stat.o
  CC      fs/proc/uptime.o
  CC      fs/proc/version.o
  CC      fs/proc/softirqs.o
  CC      fs/proc/namespaces.o
  CC      fs/proc/self.o
  CC      fs/proc/thread_self.o
  CC      fs/proc/proc_sysctl.o
  CC      fs/proc/proc_net.o
  CC      fs/proc/kmsg.o
  CC      fs/proc/page.o
  AR      fs/proc/proc.o
  AR      fs/proc/built-in.o
  AR      fs/quota/built-in.o
  CC      fs/ramfs/inode.o
  CC      fs/ramfs/file-mmu.o
  AR      fs/ramfs/ramfs.o
  AR      fs/ramfs/built-in.o
  CC      fs/squashfs/block.o
  CC      fs/squashfs/cache.o
  CC      fs/squashfs/dir.o
  CC      fs/squashfs/export.o
  CC      fs/squashfs/file.o
  CC      fs/squashfs/fragment.o
  CC      fs/squashfs/id.o
  CC      fs/squashfs/inode.o
  CC      fs/squashfs/namei.o
  CC      fs/squashfs/super.o
  CC      fs/squashfs/symlink.o
  CC      fs/squashfs/decompressor.o
  CC      fs/squashfs/file_cache.o
  CC      fs/squashfs/decompressor_single.o
  CC      fs/squashfs/xattr.o
  CC      fs/squashfs/xattr_id.o
  CC      fs/squashfs/zlib_wrapper.o
  AR      fs/squashfs/squashfs.o
  AR      fs/squashfs/built-in.o
  CC      fs/sysfs/file.o
  CC      fs/sysfs/dir.o
  CC      fs/sysfs/symlink.o
  CC      fs/sysfs/mount.o
  CC      fs/sysfs/group.o
  AR      fs/sysfs/built-in.o
  CC      fs/eventpoll.o
  CC      fs/anon_inodes.o
  CC      fs/signalfd.o
  CC      fs/timerfd.o
  CC      fs/eventfd.o
  CC      fs/aio.o
  CC      fs/locks.o
  CC      fs/binfmt_script.o
  CC      fs/binfmt_elf.o
  CC      fs/mbcache.o
  CC      fs/posix_acl.o
  CC      fs/coredump.o
  CC      fs/drop_caches.o
  CC      fs/fhandle.o
  AR      fs/built-in.o
  AR      ipc/built-in.o
  CC      security/commoncap.o
  CC      security/min_addr.o
  AR      security/built-in.o
  CC      crypto/api.o
  CC      crypto/cipher.o
  CC      crypto/compress.o
  CC      crypto/memneq.o
  AR      crypto/crypto.o
  CC      crypto/algapi.o
  CC      crypto/scatterwalk.o
  CC      crypto/proc.o
  AR      crypto/crypto_algapi.o
  CC      crypto/ahash.o
  CC      crypto/shash.o
  AR      crypto/crypto_hash.o
  CC      crypto/aes_generic.o
  CC      crypto/crc32c_generic.o
  AR      crypto/built-in.o
  CC      block/bio.o
  CC      block/elevator.o
  CC      block/blk-core.o
  CC      block/blk-tag.o
  CC      block/blk-sysfs.o
  CC      block/blk-flush.o
  CC      block/blk-settings.o
  CC      block/blk-ioc.o
  CC      block/blk-map.o
  CC      block/blk-exec.o
  CC      block/blk-merge.o
  CC      block/blk-softirq.o
  CC      block/blk-timeout.o
  CC      block/blk-lib.o
  CC      block/blk-mq.o
  CC      block/blk-mq-tag.o
  CC      block/blk-stat.o
  CC      block/blk-mq-sysfs.o
  CC      block/blk-mq-cpumap.o
  CC      block/blk-mq-sched.o
  CC      block/ioctl.o
  CC      block/genhd.o
  CC      block/partition-generic.o
  CC      block/ioprio.o
  CC      block/badblocks.o
  CC      block/partitions/check.o
  CC      block/partitions/msdos.o
  CC      block/partitions/efi.o
  AR      block/partitions/built-in.o
  CC      block/scsi_ioctl.o
  CC      block/noop-iosched.o
  CC      block/blk-mq-pci.o
  AR      block/built-in.o
  AR      drivers/amba/built-in.o
  CC      drivers/ata/libata-core.o
  CC      drivers/ata/libata-scsi.o
  CC      drivers/ata/libata-eh.o
  CC      drivers/ata/libata-transport.o
  CC      drivers/ata/libata-trace.o
  CC      drivers/ata/libata-sff.o
  AR      drivers/ata/libata.o
  CC      drivers/ata/ata_piix.o
  AR      drivers/ata/built-in.o
  AR      drivers/auxdisplay/built-in.o
  CC      drivers/base/component.o
  CC      drivers/base/core.o
  CC      drivers/base/bus.o
  CC      drivers/base/dd.o
  CC      drivers/base/syscore.o
  CC      drivers/base/driver.o
  CC      drivers/base/class.o
  CC      drivers/base/platform.o
  CC      drivers/base/cpu.o
  CC      drivers/base/firmware.o
  CC      drivers/base/init.o
  CC      drivers/base/map.o
  CC      drivers/base/devres.o
  CC      drivers/base/attribute_container.o
  CC      drivers/base/transport_class.o
  CC      drivers/base/topology.o
  CC      drivers/base/container.o
  CC      drivers/base/property.o
  CC      drivers/base/cacheinfo.o
  CC      drivers/base/devtmpfs.o
  CC      drivers/base/power/clock_ops.o
  AR      drivers/base/power/built-in.o
  CC      drivers/base/regmap/regmap.o
  CC      drivers/base/regmap/regcache.o
  CC      drivers/base/regmap/regcache-rbtree.o
  CC      drivers/base/regmap/regcache-flat.o
  AR      drivers/base/regmap/regmap-core.o
  CC      drivers/base/regmap/regmap-mmio.o
  AR      drivers/base/regmap/built-in.o
  AR      drivers/base/test/built-in.o
  CC      drivers/base/dma-mapping.o
  CC      drivers/base/dma-coherent.o
  CC      drivers/base/firmware_class.o
  AR      drivers/base/built-in.o
  CC      drivers/block/loop.o
  AR      drivers/block/built-in.o
  AR      drivers/bus/built-in.o
  AR      drivers/cdrom/built-in.o
  CC      drivers/char/mem.o
  CC      drivers/char/random.o
  CC      drivers/char/misc.o
  AR      drivers/char/agp/built-in.o
  AR      drivers/char/built-in.o
  AR      drivers/char/ipmi/built-in.o
  CC      drivers/clk/clk-devres.o
  CC      drivers/clk/clk-bulk.o
  CC      drivers/clk/clkdev.o
  CC      drivers/clk/clk.o
  CC      drivers/clk/clk-divider.o
  CC      drivers/clk/clk-fixed-factor.o
  CC      drivers/clk/clk-fixed-rate.o
  CC      drivers/clk/clk-gate.o
  CC      drivers/clk/clk-multiplier.o
  CC      drivers/clk/clk-mux.o
  CC      drivers/clk/clk-composite.o
  CC      drivers/clk/clk-fractional-divider.o
  CC      drivers/clk/clk-gpio.o
  CC      drivers/clk/clk-conf.o
  AR      drivers/clk/bcm/built-in.o
  AR      drivers/clk/imgtec/built-in.o
  AR      drivers/clk/mvebu/built-in.o
  AR      drivers/clk/renesas/built-in.o
  AR      drivers/clk/ti/built-in.o
  AR      drivers/clk/built-in.o
  CC      drivers/clocksource/timer-of.o
  CC      drivers/clocksource/timer-probe.o
  CC      drivers/clocksource/i8253.o
  CC      drivers/clocksource/mips-gic-timer.o
  AR      drivers/clocksource/built-in.o
  AR      drivers/crypto/built-in.o
  AR      drivers/firewire/built-in.o
  AR      drivers/firmware/broadcom/built-in.o
  AR      drivers/firmware/meson/built-in.o
  AR      drivers/firmware/tegra/built-in.o
  AR      drivers/firmware/built-in.o
  AR      drivers/gpu/drm/bridge/synopsys/built-in.o
  AR      drivers/gpu/drm/bridge/built-in.o
  AR      drivers/gpu/drm/hisilicon/built-in.o
  AR      drivers/gpu/drm/i2c/built-in.o
  AR      drivers/gpu/drm/omapdrm/displays/built-in.o
  AR      drivers/gpu/drm/omapdrm/dss/built-in.o
  AR      drivers/gpu/drm/omapdrm/built-in.o
  AR      drivers/gpu/drm/panel/built-in.o
  AR      drivers/gpu/drm/tilcdc/built-in.o
  AR      drivers/gpu/drm/built-in.o
  CC      drivers/gpu/vga/vgaarb.o
  AR      drivers/gpu/vga/built-in.o
  AR      drivers/gpu/built-in.o
  AR      drivers/hwtracing/intel_th/built-in.o
  AR      drivers/i2c/algos/built-in.o
  AR      drivers/i2c/busses/built-in.o
  AR      drivers/i2c/muxes/built-in.o
  AR      drivers/i2c/built-in.o
  AR      drivers/idle/built-in.o
  CC      drivers/input/input.o
  CC      drivers/input/input-compat.o
  CC      drivers/input/input-mt.o
  CC      drivers/input/ff-core.o
  AR      drivers/input/input-core.o
  AR      drivers/input/built-in.o
  CC      drivers/irqchip/irqchip.o
  CC      drivers/irqchip/irq-i8259.o
  CC      drivers/irqchip/irq-mips-cpu.o
  CC      drivers/irqchip/irq-mips-gic.o
  AR      drivers/irqchip/built-in.o
  AR      drivers/macintosh/built-in.o
  AR      drivers/media/common/b2c2/built-in.o
  AR      drivers/media/common/saa7146/built-in.o
  AR      drivers/media/common/siano/built-in.o
  AR      drivers/media/common/v4l2-tpg/built-in.o
  AR      drivers/media/common/built-in.o
  AR      drivers/media/firewire/built-in.o
  AR      drivers/media/i2c/soc_camera/built-in.o
  AR      drivers/media/i2c/built-in.o
  AR      drivers/media/mmc/siano/built-in.o
  AR      drivers/media/mmc/built-in.o
  AR      drivers/media/pci/b2c2/built-in.o
  AR      drivers/media/pci/ddbridge/built-in.o
  AR      drivers/media/pci/dm1105/built-in.o
  AR      drivers/media/pci/mantis/built-in.o
  AR      drivers/media/pci/netup_unidvb/built-in.o
  AR      drivers/media/pci/ngene/built-in.o
  AR      drivers/media/pci/pluto2/built-in.o
  AR      drivers/media/pci/pt1/built-in.o
  AR      drivers/media/pci/pt3/built-in.o
  AR      drivers/media/pci/saa7146/built-in.o
  AR      drivers/media/pci/smipcie/built-in.o
  AR      drivers/media/pci/ttpci/built-in.o
  AR      drivers/media/pci/built-in.o
  AR      drivers/media/platform/blackfin/built-in.o
  AR      drivers/media/platform/davinci/built-in.o
  AR      drivers/media/platform/meson/built-in.o
  AR      drivers/media/platform/omap/built-in.o
  AR      drivers/media/platform/stm32/built-in.o
  AR      drivers/media/platform/built-in.o
  AR      drivers/media/rc/keymaps/built-in.o
  AR      drivers/media/rc/built-in.o
  AR      drivers/media/spi/built-in.o
  AR      drivers/media/tuners/built-in.o
  AR      drivers/media/usb/b2c2/built-in.o
  AR      drivers/media/usb/dvb-usb/built-in.o
  AR      drivers/media/usb/dvb-usb-v2/built-in.o
  AR      drivers/media/usb/s2255/built-in.o
  AR      drivers/media/usb/siano/built-in.o
  AR      drivers/media/usb/stkwebcam/built-in.o
  AR      drivers/media/usb/ttusb-budget/built-in.o
  AR      drivers/media/usb/ttusb-dec/built-in.o
  AR      drivers/media/usb/zr364xx/built-in.o
  AR      drivers/media/usb/built-in.o
  AR      drivers/media/built-in.o
  CC      drivers/mfd/syscon.o
  AR      drivers/mfd/built-in.o
  AR      drivers/misc/cb710/built-in.o
  AR      drivers/misc/eeprom/built-in.o
  AR      drivers/misc/lis3lv02d/built-in.o
  AR      drivers/misc/mic/bus/built-in.o
  AR      drivers/misc/mic/built-in.o
  AR      drivers/misc/ti-st/built-in.o
  AR      drivers/misc/built-in.o
  AR      drivers/mmc/built-in.o
  CC      drivers/net/mii.o
  CC      drivers/net/Space.o
  CC      drivers/net/loopback.o
  AR      drivers/net/dsa/b53/built-in.o
  AR      drivers/net/dsa/microchip/built-in.o
  AR      drivers/net/dsa/mv88e6xxx/built-in.o
  AR      drivers/net/dsa/built-in.o
  CC      drivers/net/ethernet/amd/pcnet32.o
  AR      drivers/net/ethernet/amd/built-in.o
  AR      drivers/net/ethernet/built-in.o
  AR      drivers/net/phy/built-in.o
  AR      drivers/net/built-in.o
  AR      drivers/nfc/built-in.o
  AR      drivers/nvme/host/built-in.o
  AR      drivers/nvme/target/built-in.o
  AR      drivers/nvme/built-in.o
  CC      drivers/of/base.o
  CC      drivers/of/device.o
  CC      drivers/of/platform.o
  CC      drivers/of/property.o
  CC      drivers/of/fdt.o
  CC      drivers/of/fdt_address.o
  CC      drivers/of/address.o
  CC      drivers/of/irq.o
  CC      drivers/of/of_net.o
  CC      drivers/of/of_pci.o
  CC      drivers/of/of_pci_irq.o
  AR      drivers/of/built-in.o
  CC      drivers/pci/access.o
  CC      drivers/pci/bus.o
  CC      drivers/pci/probe.o
  CC      drivers/pci/host-bridge.o
  CC      drivers/pci/remove.o
  CC      drivers/pci/pci.o
  CC      drivers/pci/pci-driver.o
  CC      drivers/pci/search.o
  CC      drivers/pci/pci-sysfs.o
  CC      drivers/pci/rom.o
  CC      drivers/pci/setup-res.o
  CC      drivers/pci/irq.o
  CC      drivers/pci/vpd.o
  CC      drivers/pci/setup-bus.o
  CC      drivers/pci/vc.o
  CC      drivers/pci/mmap.o
  CC      drivers/pci/setup-irq.o
  CC      drivers/pci/proc.o
  CC      drivers/pci/slot.o
  CC      drivers/pci/quirks.o
  CC      drivers/pci/of.o
  AR      drivers/pci/host/built-in.o
  AR      drivers/pci/switch/built-in.o
  AR      drivers/pci/built-in.o
  AR      drivers/pci/dwc/built-in.o
  AR      drivers/platform/mips/built-in.o
  AR      drivers/platform/built-in.o
  CC      drivers/power/reset/syscon-reboot.o
  AR      drivers/power/reset/built-in.o
  AR      drivers/power/built-in.o
  AR      drivers/ptp/built-in.o
  AR      drivers/pwm/built-in.o
  CC      drivers/rtc/rtc-lib.o
  AR      drivers/rtc/built-in.o
  CC      drivers/scsi/scsi.o
  CC      drivers/scsi/hosts.o
  CC      drivers/scsi/scsi_ioctl.o
  CC      drivers/scsi/scsicam.o
  CC      drivers/scsi/scsi_error.o
  CC      drivers/scsi/scsi_lib.o
  CC      drivers/scsi/scsi_common.o
  CC      drivers/scsi/scsi_lib_dma.o
  CC      drivers/scsi/scsi_scan.o
  CC      drivers/scsi/scsi_sysfs.o
  CC      drivers/scsi/scsi_devinfo.o
  CC      drivers/scsi/scsi_sysctl.o
  CC      drivers/scsi/scsi_trace.o
  CC      drivers/scsi/scsi_logging.o
  AR      drivers/scsi/scsi_mod.o
  CC      drivers/scsi/sd.o
  AR      drivers/scsi/sd_mod.o
  AR      drivers/scsi/built-in.o
  AR      drivers/soc/bcm/built-in.o
  AR      drivers/soc/fsl/built-in.o
  AR      drivers/soc/renesas/built-in.o
  AR      drivers/soc/built-in.o
  CC      drivers/tty/tty_io.o
  CC      drivers/tty/n_tty.o
  CC      drivers/tty/tty_ioctl.o
  CC      drivers/tty/tty_ldisc.o
  CC      drivers/tty/tty_buffer.o
  CC      drivers/tty/tty_port.o
  CC      drivers/tty/tty_mutex.o
  CC      drivers/tty/tty_ldsem.o
  CC      drivers/tty/tty_baudrate.o
  CC      drivers/tty/tty_jobctrl.o
  CC      drivers/tty/n_null.o
  CC      drivers/tty/pty.o
  AR      drivers/tty/ipwireless/built-in.o
  CC      drivers/tty/serial/serial_core.o
  CC      drivers/tty/serial/earlycon.o
  CC      drivers/tty/serial/8250/8250_core.o
  AR      drivers/tty/serial/8250/8250.o
  CC      drivers/tty/serial/8250/8250_port.o
  AR      drivers/tty/serial/8250/8250_base.o
  CC      drivers/tty/serial/8250/8250_early.o
  AR      drivers/tty/serial/8250/built-in.o
  AR      drivers/tty/serial/built-in.o
  CC      drivers/tty/vt/vt_ioctl.o
  CC      drivers/tty/vt/vc_screen.o
  CC      drivers/tty/vt/selection.o
  CC      drivers/tty/vt/keyboard.o
  CC      drivers/tty/vt/consolemap.o
  CONMK   drivers/tty/vt/consolemap_deftbl.c
  CC      drivers/tty/vt/consolemap_deftbl.o
  CC      drivers/tty/vt/vt.o
  SHIPPED drivers/tty/vt/defkeymap.c
  CC      drivers/tty/vt/defkeymap.o
  AR      drivers/tty/vt/built-in.o
  AR      drivers/tty/built-in.o
  AR      drivers/usb/built-in.o
  AR      drivers/video/backlight/built-in.o
  CC      drivers/video/console/dummycon.o
  AR      drivers/video/console/built-in.o
  AR      drivers/video/fbdev/core/built-in.o
  AR      drivers/video/fbdev/omap2/omapfb/displays/built-in.o
  AR      drivers/video/fbdev/omap2/omapfb/dss/built-in.o
  AR      drivers/video/fbdev/omap2/omapfb/built-in.o
  AR      drivers/video/fbdev/omap2/built-in.o
  AR      drivers/video/fbdev/built-in.o
  AR      drivers/video/built-in.o
  AR      drivers/built-in.o
  AR      sound/built-in.o
  AR      firmware/built-in.o
  CC      arch/mips/pci/pci.o
  CC      arch/mips/pci/pci-legacy.o
  CC      arch/mips/pci/ops-bonito64.o
  CC      arch/mips/pci/ops-gt64xxx_pci0.o
  CC      arch/mips/pci/ops-msc.o
  CC      arch/mips/pci/fixup-malta.o
  CC      arch/mips/pci/pci-malta.o
  AR      arch/mips/pci/built-in.o
  CC      net/socket.o
  AR      net/802/built-in.o
  CC      net/bpf/test_run.o
  AR      net/bpf/built-in.o
  CC      net/core/sock.o
  CC      net/core/request_sock.o
  CC      net/core/skbuff.o
  CC      net/core/datagram.o
  CC      net/core/stream.o
  CC      net/core/scm.o
  CC      net/core/gen_stats.o
  CC      net/core/gen_estimator.o
  CC      net/core/net_namespace.o
  CC      net/core/secure_seq.o
  CC      net/core/flow_dissector.o
  CC      net/core/sysctl_net_core.o
  CC      net/core/dev.o
net/core/dev.c: In function ‘validate_xmit_skb_list’:
net/core/dev.c:3143:15: warning: ‘tail’ may be used uninitialized in this function [-Wmaybe-uninitialized]
 3143 |    tail->next = skb;
      |    ~~~~~~~~~~~^~~~~
  CC      net/core/ethtool.o
  CC      net/core/dev_addr_lists.o
  CC      net/core/dst.o
  CC      net/core/netevent.o
  CC      net/core/neighbour.o
  CC      net/core/rtnetlink.o
  CC      net/core/utils.o
  CC      net/core/link_watch.o
  CC      net/core/filter.o
  CC      net/core/dev_ioctl.o
  CC      net/core/tso.o
  CC      net/core/sock_reuseport.o
  CC      net/core/fib_notifier.o
  CC      net/core/net-sysfs.o
  CC      net/core/net-procfs.o
  AR      net/core/built-in.o
  CC      net/ethernet/eth.o
  AR      net/ethernet/built-in.o
  CC      net/ipv4/route.o
  CC      net/ipv4/inetpeer.o
  CC      net/ipv4/protocol.o
  CC      net/ipv4/ip_input.o
  CC      net/ipv4/ip_fragment.o
  CC      net/ipv4/ip_forward.o
  CC      net/ipv4/ip_options.o
  CC      net/ipv4/ip_output.o
  CC      net/ipv4/ip_sockglue.o
  CC      net/ipv4/inet_hashtables.o
  CC      net/ipv4/inet_timewait_sock.o
  CC      net/ipv4/inet_connection_sock.o
  CC      net/ipv4/tcp.o
  CC      net/ipv4/tcp_input.o
  CC      net/ipv4/tcp_output.o
  CC      net/ipv4/tcp_timer.o
  CC      net/ipv4/tcp_ipv4.o
  CC      net/ipv4/tcp_minisocks.o
  CC      net/ipv4/tcp_cong.o
  CC      net/ipv4/tcp_metrics.o
  CC      net/ipv4/tcp_fastopen.o
  CC      net/ipv4/tcp_rate.o
  CC      net/ipv4/tcp_recovery.o
  CC      net/ipv4/tcp_ulp.o
  CC      net/ipv4/tcp_offload.o
  CC      net/ipv4/datagram.o
  CC      net/ipv4/raw.o
  CC      net/ipv4/udp.o
  CC      net/ipv4/udplite.o
  CC      net/ipv4/udp_offload.o
  CC      net/ipv4/arp.o
  CC      net/ipv4/icmp.o
  CC      net/ipv4/devinet.o
  CC      net/ipv4/af_inet.o
  CC      net/ipv4/igmp.o
  CC      net/ipv4/fib_frontend.o
  CC      net/ipv4/fib_semantics.o
  CC      net/ipv4/fib_trie.o
net/ipv4/fib_trie.c: In function ‘fib_trie_unmerge’:
net/ipv4/fib_trie.c:1749:8: warning: ‘local_tp’ may be used uninitialized in this function [-Wmaybe-uninitialized]
 1749 |    if (fib_insert_alias(lt, local_tp, local_l, new_fa,
      |        ^~~~~~~~~~~~~~~~~~~~~~~~~~~~~~~~~~~~~~~~~~~~~~~
 1750 |           NULL, l->key)) {
      |           ~~~~~~~~~~~~~
  CC      net/ipv4/fib_notifier.o
  CC      net/ipv4/inet_fragment.o
  CC      net/ipv4/ping.o
  CC      net/ipv4/ip_tunnel_core.o
  CC      net/ipv4/gre_offload.o
  CC      net/ipv4/sysctl_net_ipv4.o
  CC      net/ipv4/proc.o
  CC      net/ipv4/tcp_cubic.o
  AR      net/ipv4/built-in.o
  CC      net/ipv6/af_inet6.o
  CC      net/ipv6/anycast.o
  CC      net/ipv6/ip6_output.o
  CC      net/ipv6/ip6_input.o
  CC      net/ipv6/addrconf.o
  CC      net/ipv6/addrlabel.o
  CC      net/ipv6/route.o
  CC      net/ipv6/ip6_fib.o
  CC      net/ipv6/ipv6_sockglue.o
  CC      net/ipv6/ndisc.o
  CC      net/ipv6/udp.o
  CC      net/ipv6/udplite.o
  CC      net/ipv6/raw.o
  CC      net/ipv6/icmp.o
  CC      net/ipv6/mcast.o
  CC      net/ipv6/reassembly.o
  CC      net/ipv6/tcp_ipv6.o
  CC      net/ipv6/ping.o
  CC      net/ipv6/exthdrs.o
  CC      net/ipv6/datagram.o
  CC      net/ipv6/ip6_flowlabel.o
  CC      net/ipv6/inet6_connection_sock.o
  CC      net/ipv6/udp_offload.o
  CC      net/ipv6/seg6.o
  CC      net/ipv6/fib6_notifier.o
  CC      net/ipv6/sysctl_net_ipv6.o
  CC      net/ipv6/proc.o
  AR      net/ipv6/ipv6.o
  CC      net/ipv6/addrconf_core.o
  CC      net/ipv6/exthdrs_core.o
  CC      net/ipv6/ip6_checksum.o
  CC      net/ipv6/ip6_icmp.o
  CC      net/ipv6/output_core.o
  CC      net/ipv6/protocol.o
  CC      net/ipv6/ip6_offload.o
  CC      net/ipv6/tcpv6_offload.o
  CC      net/ipv6/exthdrs_offload.o
  CC      net/ipv6/inet6_hashtables.o
  CC      net/ipv6/mcast_snoop.o
  AR      net/ipv6/built-in.o
  CC      net/netlink/af_netlink.o
  CC      net/netlink/genetlink.o
  AR      net/netlink/built-in.o
  CC      net/packet/af_packet.o
  AR      net/packet/built-in.o
  CC      net/sched/sch_generic.o
  CC      net/sched/sch_mq.o
  CC      net/sched/sch_api.o
  CC      net/sched/sch_blackhole.o
  CC      net/sched/sch_fifo.o
  CC      net/sched/sch_fq_codel.o
  AR      net/sched/built-in.o
  CC      net/unix/af_unix.o
  CC      net/unix/garbage.o
  CC      net/unix/sysctl_net_unix.o
  AR      net/unix/unix.o
  AR      net/unix/built-in.o
  CC      net/sysctl_net.o
  AR      net/built-in.o
  CC      lib/lockref.o
  CC      lib/bcd.o
  CC      lib/div64.o
  CC      lib/sort.o
  CC      lib/parser.o
  CC      lib/debug_locks.o
  CC      lib/random32.o
  CC      lib/bust_spinlocks.o
  CC      lib/kasprintf.o
  CC      lib/bitmap.o
  CC      lib/scatterlist.o
  CC      lib/gcd.o
  CC      lib/lcm.o
  CC      lib/list_sort.o
  CC      lib/uuid.o
  CC      lib/flex_array.o
  CC      lib/iov_iter.o
  CC      lib/clz_ctz.o
  CC      lib/bsearch.o
  CC      lib/find_bit.o
  CC      lib/llist.o
  CC      lib/memweight.o
  CC      lib/kfifo.o
  CC      lib/percpu-refcount.o
  CC      lib/percpu_ida.o
  CC      lib/rhashtable.o
  CC      lib/reciprocal_div.o
  CC      lib/once.o
  CC      lib/refcount.o
  CC      lib/usercopy.o
  CC      lib/errseq.o
  CC      lib/string_helpers.o
  CC      lib/hexdump.o
  CC      lib/kstrtox.o
  CC      lib/pci_iomap.o
  CC      lib/iomap_copy.o
  CC      lib/devres.o
  CC      lib/hweight.o
  CC      lib/bitrev.o
  CC      lib/rational.o
  CC      lib/crc16.o
  HOSTCC  lib/gen_crc32table
  GEN     lib/crc32table.h
  CC      lib/crc32.o
  CC      lib/zlib_inflate/inffast.o
  CC      lib/zlib_inflate/inflate.o
  CC      lib/zlib_inflate/infutil.o
  CC      lib/zlib_inflate/inftrees.o
  CC      lib/zlib_inflate/inflate_syms.o
  AR      lib/zlib_inflate/zlib_inflate.o
  AR      lib/zlib_inflate/built-in.o
  CC      lib/syscall.o
  CC      lib/nlattr.o
  CC      lib/atomic64.o
  CC      lib/dynamic_queue_limits.o
  CC      lib/glob.o
  CC      lib/net_utils.o
  CC      lib/sg_pool.o
  CC      lib/sbitmap.o
  CC      lib/argv_split.o
  CC      lib/chacha20.o
  CC      lib/cmdline.o
  CC      lib/ctype.o
  CC      lib/dec_and_lock.o
  CC      lib/decompress.o
  CC      lib/decompress_inflate.o
  CC      lib/dump_stack.o
  CC      lib/earlycpio.o
  CC      lib/extable.o
  CC      lib/fdt.o
  CC      lib/fdt_empty_tree.o
  CC      lib/fdt_ro.o
  CC      lib/fdt_rw.o
  CC      lib/fdt_strerror.o
  CC      lib/fdt_sw.o
  CC      lib/fdt_wip.o
  CC      lib/flex_proportions.o
  CC      lib/idr.o
  CC      lib/int_sqrt.o
  CC      lib/ioremap.o
  CC      lib/irq_regs.o
  CC      lib/is_single_threaded.o
  CC      lib/klist.o
  CC      lib/kobject.o
  CC      lib/kobject_uevent.o
  CC      lib/nmi_backtrace.o
  CC      lib/nodemask.o
  CC      lib/plist.o
  CC      lib/radix-tree.o
  CC      lib/ratelimit.o
  CC      lib/rbtree.o
  CC      lib/seq_buf.o
  CC      lib/sha1.o
  CC      lib/show_mem.o
  CC      lib/siphash.o
  CC      lib/string.o
  CC      lib/timerqueue.o
  CC      lib/vsprintf.o
  CC      lib/win_minmax.o
  AR      lib/lib.a
  EXPORTS lib/lib-ksyms.o
  AR      lib/built-in.o
  CC      arch/mips/fw/lib/cmdline.o
  AR      arch/mips/fw/lib/lib.a
  EXPORTS arch/mips/fw/lib/lib-ksyms.o
  AR      arch/mips/fw/lib/built-in.o
  CC      arch/mips/lib/iomap.o
  CC      arch/mips/lib/iomap_copy.o
  CC      arch/mips/lib/iomap-pci.o
  CC      arch/mips/lib/dump_tlb.o
  CC      arch/mips/lib/ashldi3.o
  CC      arch/mips/lib/ashrdi3.o
  CC      arch/mips/lib/bswapsi.o
  CC      arch/mips/lib/bswapdi.o
  CC      arch/mips/lib/cmpdi2.o
  CC      arch/mips/lib/lshrdi3.o
  CC      arch/mips/lib/multi3.o
  CC      arch/mips/lib/ucmpdi2.o
  CC      arch/mips/lib/bitops.o
  AS      arch/mips/lib/csum_partial.o
  CC      arch/mips/lib/delay.o
  CC      arch/mips/lib/memcmp.o
  AS      arch/mips/lib/memcpy.o
  AS      arch/mips/lib/memset.o
  CC      arch/mips/lib/mips-atomic.o
  AS      arch/mips/lib/strncpy_user.o
  AS      arch/mips/lib/strnlen_user.o
  CC      arch/mips/lib/uncached.o
  AR      arch/mips/lib/lib.a
  EXPORTS arch/mips/lib/lib-ksyms.o
  AR      arch/mips/lib/built-in.o
  AR      virt/lib/built-in.o
  AR      virt/built-in.o
  GEN     .version
  CHK     include/generated/compile.h
  UPD     include/generated/compile.h
  CC      init/version.o
  AR      init/built-in.o
  AR      built-in.o
  LD      vmlinux.o
  MODPOST vmlinux.o
  KSYM    .tmp_kallsyms1.o
  KSYM    .tmp_kallsyms2.o
  LD      vmlinux
  SORTEX  vmlinux
  SYSMAP  System.map
  OBJCOPY arch/mips/boot/vmlinux.bin
561.71user 38.99system 10:10.40elapsed 98%CPU (0avgtext+0avgdata 76828maxresident)k
24inputs+184552outputs (1major+8199468minor)pagefaults 0swaps
